<?xml version="1.0" encoding="UTF-8"?>
<!-- Generated by org.testng.reporters.JUnitReportReporter -->
<testsuite skipped="0" hostname="admin-PC" name="Tests.StaticJsonPayloads" tests="1" failures="0" timestamp="11 Apr 2020 19:54:51 GMT" time="3.581" errors="0">
  <testcase name="AddBookTest" time="3.581" classname="Tests.StaticJsonPayloads"/>
</testsuite> <!-- Tests.StaticJsonPayloads -->
