<?xml version="1.0" encoding="UTF-8"?>
<!-- Generated by org.testng.reporters.JUnitReportReporter -->
<testsuite skipped="0" hostname="DESKTOP-I445HLT" name="Tests.StaticJsonPayloads" tests="1" failures="0" timestamp="07 Nov 2020 07:04:22 GMT" time="13.600" errors="0">
  <testcase name="AddBookTest" time="13.600" classname="Tests.StaticJsonPayloads"/>
</testsuite> <!-- Tests.StaticJsonPayloads -->
