<?xml version="1.0" encoding="UTF-8"?>
<!-- Generated by org.testng.reporters.JUnitReportReporter -->
<testsuite skipped="0" hostname="admin-PC" name="Tests.DynamicJsonPayloads" tests="6" failures="0" timestamp="11 Apr 2020 19:29:50 GMT" time="6.599" errors="0">
  <testcase name="DeleteBookTest" time="0.152" classname="Tests.DynamicJsonPayloads"/>
  <testcase name="DeleteBookTest" time="0.137" classname="Tests.DynamicJsonPayloads"/>
  <testcase name="AddBookTest" time="5.794" classname="Tests.DynamicJsonPayloads"/>
  <testcase name="AddBookTest" time="0.184" classname="Tests.DynamicJsonPayloads"/>
  <testcase name="AddBookTest" time="0.140" classname="Tests.DynamicJsonPayloads"/>
  <testcase name="DeleteBookTest" time="0.192" classname="Tests.DynamicJsonPayloads"/>
</testsuite> <!-- Tests.DynamicJsonPayloads -->
